<?xml version="1.0" encoding="UTF-8"?>
<!-- Generated by org.testng.reporters.JUnitXMLReporter -->
<testsuite ignored="0" hostname="Balaji-Venkat9" failures="0" tests="9" name="Default test" time="23.376" errors="0" timestamp="2021-04-30T11:40:04 IST">
  <testcase classname="Com.Cts.Money.Script.TestScript" name="VaildateCreate" time="0.095"/>
  <testcase classname="Com.Cts.Money.Script.TestScript" name="VaildateFirstname" time="0.181"/>
  <testcase classname="Com.Cts.Money.Script.TestScript" name="VaildateLastname" time="0.143"/>
  <testcase classname="Com.Cts.Money.Script.TestScript" name="VaildateRadio" time="0.109"/>
  <testcase classname="Com.Cts.Money.Script.TestScript" name="VaildateTitle" time="0.009"/>
  <testcase classname="Com.Cts.Money.Script.TestScript" name="VaildateUrl" time="0.012"/>
  <testcase classname="Com.Cts.Money.Script.TestScript" name="ValidateDay" time="0.32"/>
  <testcase classname="Com.Cts.Money.Script.TestScript" name="ValidateMonth" time="0.17"/>
  <testcase classname="Com.Cts.Money.Script.TestScript" name="ValidateYear" time="0.168"/>
</testsuite> <!-- Default test -->
