<?xml version="1.0" encoding="UTF-8"?>
<!-- Generated by org.testng.reporters.JUnitXMLReporter -->
<testsuite ignored="0" hostname="Balaji-Venkat9" failures="0" tests="9" name="Test" time="54.089" errors="0" timestamp="2021-04-21T12:25:40 IST">
  <testcase classname="Com.Cts.Money.Script.TestScript" name="VaildateCreate" time="0.054"/>
  <testcase classname="Com.Cts.Money.Script.TestScript" name="VaildateFirstname" time="0.147"/>
  <testcase classname="Com.Cts.Money.Script.TestScript" name="VaildateLastname" time="0.134"/>
  <testcase classname="Com.Cts.Money.Script.TestScript" name="VaildateRadio" time="0.117"/>
  <testcase classname="Com.Cts.Money.Script.TestScript" name="VaildateTitle" time="0.015"/>
  <testcase classname="Com.Cts.Money.Script.TestScript" name="VaildateUrl" time="0.013"/>
  <testcase classname="Com.Cts.Money.Script.TestScript" name="ValidateDay" time="0.364"/>
  <testcase classname="Com.Cts.Money.Script.TestScript" name="ValidateMonth" time="0.221"/>
  <testcase classname="Com.Cts.Money.Script.TestScript" name="ValidateYear" time="0.175"/>
</testsuite> <!-- Test -->
