<?xml version="1.0" encoding="UTF-8"?>
<!-- Generated by org.testng.reporters.JUnitXMLReporter -->
<testsuite hostname="Balaji-Venkat9" ignored="0" name="Test" tests="9" failures="0" timestamp="2021-04-30T11:55:28 IST" time="12.226" errors="0">
  <testcase name="VaildateCreate" time="0.047" classname="Com.Cts.Money.Script.TestScript"/>
  <testcase name="VaildateFirstname" time="0.25" classname="Com.Cts.Money.Script.TestScript"/>
  <testcase name="VaildateLastname" time="0.155" classname="Com.Cts.Money.Script.TestScript"/>
  <testcase name="VaildateRadio" time="0.111" classname="Com.Cts.Money.Script.TestScript"/>
  <testcase name="VaildateTitle" time="0.008" classname="Com.Cts.Money.Script.TestScript"/>
  <testcase name="VaildateUrl" time="0.011" classname="Com.Cts.Money.Script.TestScript"/>
  <testcase name="ValidateDay" time="0.402" classname="Com.Cts.Money.Script.TestScript"/>
  <testcase name="ValidateMonth" time="0.255" classname="Com.Cts.Money.Script.TestScript"/>
  <testcase name="ValidateYear" time="0.283" classname="Com.Cts.Money.Script.TestScript"/>
</testsuite> <!-- Test -->
